Remove Pin from Net: Failed to remove Pin
Remove Pin from Net: Failed to remove Pin
Remove Pin from Net: Failed to remove Pin
Remove Pin from Net: Failed to remove Pin
Remove Pin from Net: Failed to remove Pin
Removed Pin From Net: NetName=Ref Pin=R?-2
Remove Pin from Net: Failed to remove Pin
Remove Pin from Net: Failed to remove Pin
Remove Pin from Net: Failed to remove Pin
Remove Pin from Net: Failed to remove Pin
Remove Pin from Net: Failed to remove Pin
Remove Pin from Net: Failed to remove Pin
Remove Pin from Net: Failed to remove Pin
Remove Pin from Net: Failed to remove Pin
Remove Pin from Net: Failed to remove Pin
Removed Member From Class: ClassName=ADC Member=C?
Removed Member From Class: ClassName=Filter Member=C?
Removed Member From Class: ClassName=ADC Member=U?
Removed Member From Class: ClassName=Filter Member=U?
Change Component Designator: OldDesignator=C? NewDesignator=C1
Change Component Designator: OldDesignator=C? NewDesignator=C2
Change Component Designator: OldDesignator=C? NewDesignator=C3
Change Component Designator: OldDesignator=C? NewDesignator=C4
Change Component Designator: OldDesignator=C? NewDesignator=C100
Change Component Designator: OldDesignator=C? NewDesignator=C101
Change Component Designator: OldDesignator=C? NewDesignator=C102
Change Component Designator: OldDesignator=C? NewDesignator=C103
Change Component Designator: OldDesignator=C? NewDesignator=C104
Change Component Designator: OldDesignator=C? NewDesignator=C105
Change Component Designator: OldDesignator=R? NewDesignator=R100
Change Component Designator: OldDesignator=R? NewDesignator=R101
Change Component Designator: OldDesignator=R? NewDesignator=R102
Change Component Designator: OldDesignator=R? NewDesignator=R103
Change Component Designator: OldDesignator=R? NewDesignator=R104
Change Component Designator: OldDesignator=R? NewDesignator=R105
Change Component Designator: OldDesignator=R? NewDesignator=R106
Change Component Designator: OldDesignator=R? NewDesignator=R107
Change Component Designator: OldDesignator=R? NewDesignator=R108
Change Component Designator: OldDesignator=U? NewDesignator=U1
Change Component Designator: OldDesignator=U? NewDesignator=U2
Change Component Designator: OldDesignator=U? NewDesignator=U100
Change Component Designator: OldDesignator=U? NewDesignator=U101
Change Component Designator: OldDesignator=U? NewDesignator=U102
Added Component: Designator=C200(CAP_0603)
Add component (AddParameter): Name = "Dielectric"; Value = ""; VariantName = "[No Variations]"
Add component (AddParameter): Name = "Distributor Link"; Value = ""; VariantName = "[No Variations]"
Add component (AddParameter): Name = "LCSC"; Value = ""; VariantName = "[No Variations]"
Add component (AddParameter): Name = "Manufacturer"; Value = ""; VariantName = "[No Variations]"
Add component (AddParameter): Name = "Manufacturer Part Number"; Value = ""; VariantName = "[No Variations]"
Add component (AddParameter): Name = "Rating"; Value = ""; VariantName = "[No Variations]"
Added Component: Designator=C201(CAP_0603)
Add component (AddParameter): Name = "Dielectric"; Value = ""; VariantName = "[No Variations]"
Add component (AddParameter): Name = "Distributor Link"; Value = ""; VariantName = "[No Variations]"
Add component (AddParameter): Name = "LCSC"; Value = ""; VariantName = "[No Variations]"
Add component (AddParameter): Name = "Manufacturer"; Value = ""; VariantName = "[No Variations]"
Add component (AddParameter): Name = "Manufacturer Part Number"; Value = ""; VariantName = "[No Variations]"
Add component (AddParameter): Name = "Rating"; Value = ""; VariantName = "[No Variations]"
Added Component: Designator=C202(CAP_0603)
Add component (AddParameter): Name = "Dielectric"; Value = ""; VariantName = "[No Variations]"
Add component (AddParameter): Name = "Distributor Link"; Value = ""; VariantName = "[No Variations]"
Add component (AddParameter): Name = "LCSC"; Value = ""; VariantName = "[No Variations]"
Add component (AddParameter): Name = "Manufacturer"; Value = ""; VariantName = "[No Variations]"
Add component (AddParameter): Name = "Manufacturer Part Number"; Value = ""; VariantName = "[No Variations]"
Add component (AddParameter): Name = "Rating"; Value = ""; VariantName = "[No Variations]"
Added Component: Designator=C203(CAP_0603)
Add component (AddParameter): Name = "Dielectric"; Value = ""; VariantName = "[No Variations]"
Add component (AddParameter): Name = "Distributor Link"; Value = ""; VariantName = "[No Variations]"
Add component (AddParameter): Name = "LCSC"; Value = ""; VariantName = "[No Variations]"
Add component (AddParameter): Name = "Manufacturer"; Value = ""; VariantName = "[No Variations]"
Add component (AddParameter): Name = "Manufacturer Part Number"; Value = ""; VariantName = "[No Variations]"
Add component (AddParameter): Name = "Rating"; Value = ""; VariantName = "[No Variations]"
Added Component: Designator=C204(CAP_0603)
Add component (AddParameter): Name = "Dielectric"; Value = ""; VariantName = "[No Variations]"
Add component (AddParameter): Name = "Distributor Link"; Value = ""; VariantName = "[No Variations]"
Add component (AddParameter): Name = "LCSC"; Value = ""; VariantName = "[No Variations]"
Add component (AddParameter): Name = "Manufacturer"; Value = ""; VariantName = "[No Variations]"
Add component (AddParameter): Name = "Manufacturer Part Number"; Value = ""; VariantName = "[No Variations]"
Add component (AddParameter): Name = "Rating"; Value = ""; VariantName = "[No Variations]"
Added Component: Designator=C205(CAP_0603)
Add component (AddParameter): Name = "Dielectric"; Value = ""; VariantName = "[No Variations]"
Add component (AddParameter): Name = "Distributor Link"; Value = ""; VariantName = "[No Variations]"
Add component (AddParameter): Name = "LCSC"; Value = ""; VariantName = "[No Variations]"
Add component (AddParameter): Name = "Manufacturer"; Value = ""; VariantName = "[No Variations]"
Add component (AddParameter): Name = "Manufacturer Part Number"; Value = ""; VariantName = "[No Variations]"
Add component (AddParameter): Name = "Rating"; Value = ""; VariantName = "[No Variations]"
Added Component: Designator=R200(RES_0603)
Add component (AddParameter): Name = "Distributor Link"; Value = ""; VariantName = "[No Variations]"
Add component (AddParameter): Name = "LCSC"; Value = ""; VariantName = "[No Variations]"
Add component (AddParameter): Name = "Manufacturer"; Value = ""; VariantName = "[No Variations]"
Add component (AddParameter): Name = "Manufacturer Part Number"; Value = ""; VariantName = "[No Variations]"
Added Component: Designator=R201(RES_0603)
Add component (AddParameter): Name = "Distributor Link"; Value = ""; VariantName = "[No Variations]"
Add component (AddParameter): Name = "LCSC"; Value = ""; VariantName = "[No Variations]"
Add component (AddParameter): Name = "Manufacturer"; Value = ""; VariantName = "[No Variations]"
Add component (AddParameter): Name = "Manufacturer Part Number"; Value = ""; VariantName = "[No Variations]"
Added Component: Designator=R202(RES_0603)
Add component (AddParameter): Name = "Distributor Link"; Value = ""; VariantName = "[No Variations]"
Add component (AddParameter): Name = "LCSC"; Value = ""; VariantName = "[No Variations]"
Add component (AddParameter): Name = "Manufacturer"; Value = ""; VariantName = "[No Variations]"
Add component (AddParameter): Name = "Manufacturer Part Number"; Value = ""; VariantName = "[No Variations]"
Added Component: Designator=R203(RES_0603)
Add component (AddParameter): Name = "Distributor Link"; Value = ""; VariantName = "[No Variations]"
Add component (AddParameter): Name = "LCSC"; Value = ""; VariantName = "[No Variations]"
Add component (AddParameter): Name = "Manufacturer"; Value = ""; VariantName = "[No Variations]"
Add component (AddParameter): Name = "Manufacturer Part Number"; Value = ""; VariantName = "[No Variations]"
Added Component: Designator=R204(RES_0603)
Add component (AddParameter): Name = "Distributor Link"; Value = ""; VariantName = "[No Variations]"
Add component (AddParameter): Name = "LCSC"; Value = ""; VariantName = "[No Variations]"
Add component (AddParameter): Name = "Manufacturer"; Value = ""; VariantName = "[No Variations]"
Add component (AddParameter): Name = "Manufacturer Part Number"; Value = ""; VariantName = "[No Variations]"
Added Component: Designator=R205(RES_0603)
Add component (AddParameter): Name = "Distributor Link"; Value = ""; VariantName = "[No Variations]"
Add component (AddParameter): Name = "LCSC"; Value = ""; VariantName = "[No Variations]"
Add component (AddParameter): Name = "Manufacturer"; Value = ""; VariantName = "[No Variations]"
Add component (AddParameter): Name = "Manufacturer Part Number"; Value = ""; VariantName = "[No Variations]"
Added Component: Designator=R206(RES_0603)
Add component (AddParameter): Name = "Distributor Link"; Value = ""; VariantName = "[No Variations]"
Add component (AddParameter): Name = "LCSC"; Value = ""; VariantName = "[No Variations]"
Add component (AddParameter): Name = "Manufacturer"; Value = ""; VariantName = "[No Variations]"
Add component (AddParameter): Name = "Manufacturer Part Number"; Value = ""; VariantName = "[No Variations]"
Added Component: Designator=R207(RES_0603)
Add component (AddParameter): Name = "Distributor Link"; Value = ""; VariantName = "[No Variations]"
Add component (AddParameter): Name = "LCSC"; Value = ""; VariantName = "[No Variations]"
Add component (AddParameter): Name = "Manufacturer"; Value = ""; VariantName = "[No Variations]"
Add component (AddParameter): Name = "Manufacturer Part Number"; Value = ""; VariantName = "[No Variations]"
Added Component: Designator=R208(RES_0603)
Add component (AddParameter): Name = "Distributor Link"; Value = ""; VariantName = "[No Variations]"
Add component (AddParameter): Name = "LCSC"; Value = ""; VariantName = "[No Variations]"
Add component (AddParameter): Name = "Manufacturer"; Value = ""; VariantName = "[No Variations]"
Add component (AddParameter): Name = "Manufacturer Part Number"; Value = ""; VariantName = "[No Variations]"
Added Component: Designator=U200(ADI-RM-8_N)
Add component (AddParameter): Name = "Amplifiers Per Package"; Value = "2"; VariantName = "[No Variations]"
Add component (AddParameter): Name = "Automotive Qualified"; Value = "Yes"; VariantName = "[No Variations]"
Add component (AddParameter): Name = "Code_JEDEC"; Value = "MO-187-AA"; VariantName = "[No Variations]"
Add component (AddParameter): Name = "ComponentLink1Description"; Value = "Manufacturer URL"; VariantName = "[No Variations]"
Add component (AddParameter): Name = "ComponentLink1URL"; Value = "http://www.analog.com/en/index.html"; VariantName = "[No Variations]"
Add component (AddParameter): Name = "ComponentLink2Description"; Value = "Datasheet"; VariantName = "[No Variations]"
Add component (AddParameter): Name = "ComponentLink2URL"; Value = "http://www.analog.com/static/imported-files/data_sheets/AD8655_8656.pdf"; VariantName = "[No Variations]"
Add component (AddParameter): Name = "ComponentLink3Description"; Value = "Package Specification"; VariantName = "[No Variations]"
Add component (AddParameter): Name = "ComponentLink3URL"; Value = "http://www.analog.com/static/imported-files/packages/PKG_PDF/MSOP%28RM%29/RM_8.pdf"; VariantName = "[No Variations]"
Add component (AddParameter): Name = "DatasheetVersion"; Value = "Rev. B"; VariantName = "[No Variations]"
Add component (AddParameter): Name = "Generic Part Number"; Value = "AD8656"; VariantName = "[No Variations]"
Add component (AddParameter): Name = "Input Bias Current"; Value = "1pA"; VariantName = "[No Variations]"
Add component (AddParameter): Name = "Input Offset Voltage"; Value = "50uV"; VariantName = "[No Variations]"
Add component (AddParameter): Name = "Iq/Amp"; Value = "4.5mA"; VariantName = "[No Variations]"
Add component (AddParameter): Name = "Manufacturer"; Value = "Analog Devices"; VariantName = "[No Variations]"
Add component (AddParameter): Name = "Mounting Technology"; Value = "Surface Mount"; VariantName = "[No Variations]"
Add component (AddParameter): Name = "PackageDescription"; Value = "8-Pin Mini Small Outline Package, Body 3 x 3 mm, Pitch 0.65 mm"; VariantName = "[No Variations]"
Add component (AddParameter): Name = "PackageReference"; Value = "RM-8"; VariantName = "[No Variations]"
Add component (AddParameter): Name = "PartNumber"; Value = "AD8656ARMZ-REEL"; VariantName = "[No Variations]"
Add component (AddParameter): Name = "Slew Rate"; Value = "11V/us"; VariantName = "[No Variations]"
Add component (AddParameter): Name = "Small Signal Bandwidth"; Value = "28MHz"; VariantName = "[No Variations]"
Add component (AddParameter): Name = "V Span Max"; Value = "5.5V"; VariantName = "[No Variations]"
Add component (AddParameter): Name = "V Span Min"; Value = "2.7V"; VariantName = "[No Variations]"
Added Component: Designator=U201(ADI-RM-8_N)
Add component (AddParameter): Name = "Amplifiers Per Package"; Value = "2"; VariantName = "[No Variations]"
Add component (AddParameter): Name = "Automotive Qualified"; Value = "Yes"; VariantName = "[No Variations]"
Add component (AddParameter): Name = "Code_JEDEC"; Value = "MO-187-AA"; VariantName = "[No Variations]"
Add component (AddParameter): Name = "ComponentLink1Description"; Value = "Manufacturer URL"; VariantName = "[No Variations]"
Add component (AddParameter): Name = "ComponentLink1URL"; Value = "http://www.analog.com/en/index.html"; VariantName = "[No Variations]"
Add component (AddParameter): Name = "ComponentLink2Description"; Value = "Datasheet"; VariantName = "[No Variations]"
Add component (AddParameter): Name = "ComponentLink2URL"; Value = "http://www.analog.com/static/imported-files/data_sheets/AD8655_8656.pdf"; VariantName = "[No Variations]"
Add component (AddParameter): Name = "ComponentLink3Description"; Value = "Package Specification"; VariantName = "[No Variations]"
Add component (AddParameter): Name = "ComponentLink3URL"; Value = "http://www.analog.com/static/imported-files/packages/PKG_PDF/MSOP%28RM%29/RM_8.pdf"; VariantName = "[No Variations]"
Add component (AddParameter): Name = "DatasheetVersion"; Value = "Rev. B"; VariantName = "[No Variations]"
Add component (AddParameter): Name = "Generic Part Number"; Value = "AD8656"; VariantName = "[No Variations]"
Add component (AddParameter): Name = "Input Bias Current"; Value = "1pA"; VariantName = "[No Variations]"
Add component (AddParameter): Name = "Input Offset Voltage"; Value = "50uV"; VariantName = "[No Variations]"
Add component (AddParameter): Name = "Iq/Amp"; Value = "4.5mA"; VariantName = "[No Variations]"
Add component (AddParameter): Name = "Manufacturer"; Value = "Analog Devices"; VariantName = "[No Variations]"
Add component (AddParameter): Name = "Mounting Technology"; Value = "Surface Mount"; VariantName = "[No Variations]"
Add component (AddParameter): Name = "PackageDescription"; Value = "8-Pin Mini Small Outline Package, Body 3 x 3 mm, Pitch 0.65 mm"; VariantName = "[No Variations]"
Add component (AddParameter): Name = "PackageReference"; Value = "RM-8"; VariantName = "[No Variations]"
Add component (AddParameter): Name = "PartNumber"; Value = "AD8656ARMZ-REEL"; VariantName = "[No Variations]"
Add component (AddParameter): Name = "Slew Rate"; Value = "11V/us"; VariantName = "[No Variations]"
Add component (AddParameter): Name = "Small Signal Bandwidth"; Value = "28MHz"; VariantName = "[No Variations]"
Add component (AddParameter): Name = "V Span Max"; Value = "5.5V"; VariantName = "[No Variations]"
Add component (AddParameter): Name = "V Span Min"; Value = "2.7V"; VariantName = "[No Variations]"
Added Component: Designator=U202(ADI-RM-8_N)
Add component (AddParameter): Name = "Amplifiers Per Package"; Value = "2"; VariantName = "[No Variations]"
Add component (AddParameter): Name = "Automotive Qualified"; Value = "Yes"; VariantName = "[No Variations]"
Add component (AddParameter): Name = "Code_JEDEC"; Value = "MO-187-AA"; VariantName = "[No Variations]"
Add component (AddParameter): Name = "ComponentLink1Description"; Value = "Manufacturer URL"; VariantName = "[No Variations]"
Add component (AddParameter): Name = "ComponentLink1URL"; Value = "http://www.analog.com/en/index.html"; VariantName = "[No Variations]"
Add component (AddParameter): Name = "ComponentLink2Description"; Value = "Datasheet"; VariantName = "[No Variations]"
Add component (AddParameter): Name = "ComponentLink2URL"; Value = "http://www.analog.com/static/imported-files/data_sheets/AD8655_8656.pdf"; VariantName = "[No Variations]"
Add component (AddParameter): Name = "ComponentLink3Description"; Value = "Package Specification"; VariantName = "[No Variations]"
Add component (AddParameter): Name = "ComponentLink3URL"; Value = "http://www.analog.com/static/imported-files/packages/PKG_PDF/MSOP%28RM%29/RM_8.pdf"; VariantName = "[No Variations]"
Add component (AddParameter): Name = "DatasheetVersion"; Value = "Rev. B"; VariantName = "[No Variations]"
Add component (AddParameter): Name = "Generic Part Number"; Value = "AD8656"; VariantName = "[No Variations]"
Add component (AddParameter): Name = "Input Bias Current"; Value = "1pA"; VariantName = "[No Variations]"
Add component (AddParameter): Name = "Input Offset Voltage"; Value = "50uV"; VariantName = "[No Variations]"
Add component (AddParameter): Name = "Iq/Amp"; Value = "4.5mA"; VariantName = "[No Variations]"
Add component (AddParameter): Name = "Manufacturer"; Value = "Analog Devices"; VariantName = "[No Variations]"
Add component (AddParameter): Name = "Mounting Technology"; Value = "Surface Mount"; VariantName = "[No Variations]"
Add component (AddParameter): Name = "PackageDescription"; Value = "8-Pin Mini Small Outline Package, Body 3 x 3 mm, Pitch 0.65 mm"; VariantName = "[No Variations]"
Add component (AddParameter): Name = "PackageReference"; Value = "RM-8"; VariantName = "[No Variations]"
Add component (AddParameter): Name = "PartNumber"; Value = "AD8656ARMZ-REEL"; VariantName = "[No Variations]"
Add component (AddParameter): Name = "Slew Rate"; Value = "11V/us"; VariantName = "[No Variations]"
Add component (AddParameter): Name = "Small Signal Bandwidth"; Value = "28MHz"; VariantName = "[No Variations]"
Add component (AddParameter): Name = "V Span Max"; Value = "5.5V"; VariantName = "[No Variations]"
Add component (AddParameter): Name = "V Span Min"; Value = "2.7V"; VariantName = "[No Variations]"
Added Pin To Net: NetName=A1out Pin=C201-2
Added Pin To Net: NetName=A1out Pin=R201-2
Added Pin To Net: NetName=A1in Pin=R203-2
Added Pin To Net: NetName=Ref Pin=R206-2
Added Pin To Net: NetName=Ref Pin=R207-1
Added Pin To Net: NetName=Ref Pin=R208-1
Added Pin To Net: NetName=GND Pin=U200-4
Added Pin To Net: NetName=A3v3 Pin=U200-8
Added Pin To Net: NetName=Ref Pin=U201-3
Added Pin To Net: NetName=GND Pin=U201-4
Added Pin To Net: NetName=A3v3 Pin=U201-8
Added Pin To Net: NetName=A1out Pin=U202-1
Added Pin To Net: NetName=Ref Pin=U202-3
Added Pin To Net: NetName=GND Pin=U202-4
Added Pin To Net: NetName=A3v3 Pin=U202-8
Change Net Name : Old Net Name=NetC?_1 New Net Name=NetC100_1
Change Net Name : Old Net Name=NetC?_2 New Net Name=NetC100_2
Added Pin To Net: NetName=NetC1_2 Pin=C1-2
Added Pin To Net: NetName=NetC1_2 Pin=U1-7
Added Net: Name=NetC1_2
Added Pin To Net: NetName=NetC2_2 Pin=C2-2
Added Pin To Net: NetName=NetC2_2 Pin=U1-1
Added Net: Name=NetC2_2
Added Pin To Net: NetName=NetC3_2 Pin=C3-2
Added Pin To Net: NetName=NetC3_2 Pin=U2-7
Added Net: Name=NetC3_2
Added Pin To Net: NetName=NetC4_2 Pin=C4-2
Added Pin To Net: NetName=NetC4_2 Pin=U2-1
Added Net: Name=NetC4_2
Added Pin To Net: NetName=NetC101_1 Pin=C101-1
Added Pin To Net: NetName=NetC101_1 Pin=C104-1
Added Pin To Net: NetName=NetC101_1 Pin=R104-1
Added Pin To Net: NetName=NetC101_1 Pin=R108-2
Added Net: Name=NetC101_1
Added Pin To Net: NetName=NetC102_1 Pin=C102-1
Added Pin To Net: NetName=NetC102_1 Pin=C105-1
Added Pin To Net: NetName=NetC102_1 Pin=R105-1
Added Net: Name=NetC102_1
Added Pin To Net: NetName=NetC102_2 Pin=C102-2
Added Pin To Net: NetName=NetC102_2 Pin=R102-2
Added Pin To Net: NetName=NetC102_2 Pin=R104-2
Added Pin To Net: NetName=NetC102_2 Pin=U101-1
Added Net: Name=NetC102_2
Added Pin To Net: NetName=NetC103_2 Pin=C103-2
Added Pin To Net: NetName=NetC103_2 Pin=R100-1
Added Pin To Net: NetName=NetC103_2 Pin=U100-2
Added Net: Name=NetC103_2
Added Pin To Net: NetName=NetC104_2 Pin=C104-2
Added Pin To Net: NetName=NetC104_2 Pin=R101-1
Added Pin To Net: NetName=NetC104_2 Pin=U102-2
Added Net: Name=NetC104_2
Added Pin To Net: NetName=NetC105_2 Pin=C105-2
Added Pin To Net: NetName=NetC105_2 Pin=R102-1
Added Pin To Net: NetName=NetC105_2 Pin=U101-2
Added Net: Name=NetC105_2
Added Pin To Net: NetName=NetC200_1 Pin=C200-1
Added Pin To Net: NetName=NetC200_1 Pin=C203-1
Added Pin To Net: NetName=NetC200_1 Pin=R203-1
Added Pin To Net: NetName=NetC200_1 Pin=R206-1
Added Net: Name=NetC200_1
Added Pin To Net: NetName=NetC200_2 Pin=C200-2
Added Pin To Net: NetName=NetC200_2 Pin=R200-2
Added Pin To Net: NetName=NetC200_2 Pin=R205-2
Added Pin To Net: NetName=NetC200_2 Pin=U200-1
Added Net: Name=NetC200_2
Added Pin To Net: NetName=NetC201_1 Pin=C201-1
Added Pin To Net: NetName=NetC201_1 Pin=C204-1
Added Pin To Net: NetName=NetC201_1 Pin=R204-1
Added Pin To Net: NetName=NetC201_1 Pin=R208-2
Added Net: Name=NetC201_1
Added Pin To Net: NetName=NetC202_1 Pin=C202-1
Added Pin To Net: NetName=NetC202_1 Pin=C205-1
Added Pin To Net: NetName=NetC202_1 Pin=R205-1
Added Net: Name=NetC202_1
Added Pin To Net: NetName=NetC202_2 Pin=C202-2
Added Pin To Net: NetName=NetC202_2 Pin=R202-2
Added Pin To Net: NetName=NetC202_2 Pin=R204-2
Added Pin To Net: NetName=NetC202_2 Pin=U201-1
Added Net: Name=NetC202_2
Added Pin To Net: NetName=NetC203_2 Pin=C203-2
Added Pin To Net: NetName=NetC203_2 Pin=R200-1
Added Pin To Net: NetName=NetC203_2 Pin=U200-2
Added Net: Name=NetC203_2
Added Pin To Net: NetName=NetC204_2 Pin=C204-2
Added Pin To Net: NetName=NetC204_2 Pin=R201-1
Added Pin To Net: NetName=NetC204_2 Pin=U202-2
Added Net: Name=NetC204_2
Added Pin To Net: NetName=NetC205_2 Pin=C205-2
Added Pin To Net: NetName=NetC205_2 Pin=R202-1
Added Pin To Net: NetName=NetC205_2 Pin=U201-2
Added Net: Name=NetC205_2
Added Pin To Net: NetName=NetR107_2 Pin=R107-2
Added Pin To Net: NetName=NetR107_2 Pin=U100-3
Added Net: Name=NetR107_2
Added Pin To Net: NetName=NetR207_2 Pin=R207-2
Added Pin To Net: NetName=NetR207_2 Pin=U200-3
Added Net: Name=NetR207_2
Added Class: Name=Filter2
Added Member To Class: ClassName=ADC Member=Component C1 uF
Added Member To Class: ClassName=ADC Member=Component C2 uF
Added Member To Class: ClassName=ADC Member=Component C3 uF
Added Member To Class: ClassName=ADC Member=Component C4 uF
Added Member To Class: ClassName=Filter Member=Component C100 C0603
Added Member To Class: ClassName=Filter Member=Component C101 C0603
Added Member To Class: ClassName=Filter Member=Component C102 C0603
Added Member To Class: ClassName=Filter Member=Component C103 C0603
Added Member To Class: ClassName=Filter Member=Component C104 C0603
Added Member To Class: ClassName=Filter Member=Component C105 C0603
Added Member To Class: ClassName=Filter Member=Component R101 R0603
Added Member To Class: ClassName=Filter Member=Component R102 R0603
Added Member To Class: ClassName=Filter Member=Component R103 R0603
Added Member To Class: ClassName=Filter Member=Component R104 R0603
Added Member To Class: ClassName=Filter Member=Component R105 R0603
Added Member To Class: ClassName=Filter Member=Component R106 R0603
Added Member To Class: ClassName=Filter Member=Component R107 R0603
Added Member To Class: ClassName=Filter Member=Component R108 R0603
Added Member To Class: ClassName=ADC Member=Component U1 ADS7044IDCUR
Added Member To Class: ClassName=ADC Member=Component U2 ADS7044IDCUR
Added Member To Class: ClassName=Filter Member=Component U100 AD8656ARMZ-REEL
Added Member To Class: ClassName=Filter Member=Component U101 AD8656ARMZ-REEL
Added Member To Class: ClassName=Filter Member=Component U102 AD8656ARMZ-REEL
